permission/build/intermediates/manifest_merge_blame_file/debug/manifest-merger-blame-debug-report.txt
1<?xml version="1.0" encoding="utf-8"?>
2<manifest xmlns:android="http://schemas.android.com/apk/res/android"
3    xmlns:tools="http://schemas.android.com/tools"
4    package="com.ln.permission"
5    android:versionCode="1"
6    android:versionName="1.0" >
7
8    <uses-sdk
9        android:minSdkVersion="21"
9-->src\main\AndroidManifest.xml
10        android:targetSdkVersion="27" />
10-->src\main\AndroidManifest.xml
11
12    <application android:label="@string/app_name" >
12-->src\main\AndroidManifest.xml:5:5-9:19
12-->src\main\AndroidManifest.xml:6:9-41
13        <activity android:name="com.ln.permission.activity.PermissionsActivity" />
13-->src\main\AndroidManifest.xml:8:9-92
13-->src\main\AndroidManifest.xml:8:19-80
14    </application>
15
16</manifest>